<?xml version="1.0" encoding="UTF-8"?>
<!-- Generated by org.testng.reporters.JUnitReportReporter -->
<testsuite hostname="EQ-EQ6282248" failures="0" tests="6" name="com.test.GoogleTest" time="56.010" errors="0" timestamp="2021-02-20T10:45:52 IST" skipped="0">
  <testcase classname="com.test.GoogleTest" name="googleLogoTest" time="10.257"/>
  <system-out/>
  <testcase classname="com.test.GoogleTest" name="googleLinkTest" time="10.629"/>
  <system-out/>
  <testcase classname="com.test.GoogleTest" name="googleTitleTest" time="10.701"/>
  <system-out/>
  <testcase classname="com.test.GoogleTest" name="test3" time="8.437"/>
  <system-out/>
  <testcase classname="com.test.GoogleTest" name="test2" time="7.988"/>
  <system-out/>
  <testcase classname="com.test.GoogleTest" name="test1" time="7.998"/>
  <system-out/>
</testsuite> <!-- com.test.GoogleTest -->
