<?xml version="1.0" encoding="UTF-8"?>
<!-- Generated by org.testng.reporters.JUnitReportReporter -->
<testsuite hostname="EQ-EQ6282248" failures="0" tests="2" name="com.test.TestNGBasics" time="0.006" errors="0" timestamp="2021-02-20T10:45:52 IST" skipped="0">
  <testcase classname="com.test.TestNGBasics" name="gmailTitleTest" time="0.002"/>
  <system-out/>
  <testcase classname="com.test.TestNGBasics" name="searchButtonTest" time="0.004"/>
  <system-out/>
</testsuite> <!-- com.test.TestNGBasics -->
