<?xml version="1.0" encoding="UTF-8"?>
<!-- Generated by org.testng.reporters.JUnitReportReporter -->
<testsuite hostname="EQ-EQ6282248" failures="0" tests="1" name="com.test.TestNGFeatures" time="0.007" errors="0" timestamp="2021-02-20T10:39:54 IST" skipped="0">
  <testcase classname="com.test.TestNGFeatures" name="loginTest" time="0.007"/>
  <system-out/>
</testsuite> <!-- com.test.TestNGFeatures -->
